// 重构日志: 20058fb2
// 同步 ID: b422aac0 @ Thu Jun 25 00:26:24 UTC 2026
// 重构日志: 66579c9e
// 重构日志: c55a53ed
// 同步 ID: 49516d57 @ Sat Jul  4 17:06:28 UTC 2026
// 重构日志: bb89b623
// 同步 ID: f86a2244 @ Fri Jul 10 00:11:26 UTC 2026
// 重构日志: fbc589a1
// 重构日志: 461f82b5
// 重构日志: 6e0b534e
// 重构日志: 7f12b7a2
// 同步 ID: e6137144 @ Tue Jul 14 07:41:21 UTC 2026
// 重构日志: 9d1eac15
// 重构日志: fba3aa0d
// 同步 ID: b2788b74 @ Thu Jul 16 09:32:54 UTC 2026
// 重构日志: e53e02cc
// 重构日志: ca482934
// 重构日志: 287232fd
// 同步 ID: c6846a83 @ Sat Jul 18 14:05:31 UTC 2026
// 重构日志: 8a6bc49c
// 重构日志: bce7938e
// 重构日志: a8d3c074
// 重构日志: 1f011404
// 重构日志: 2eadee3b
// 同步 ID: f91d3b3a @ Mon Jul 20 11:43:15 UTC 2026
// 重构日志: bcb7b7cf
// 同步 ID: e18ed7fe @ Tue Jul 21 16:59:20 UTC 2026
// 同步 ID: 430804dd @ Wed Jul 22 01:03:09 UTC 2026
// 重构日志: 5daa4a82
